# JRE version: Java(TM) SE Runtime Environment (11.0.5+10) (build 11.0.5+10-LTS)
# Java VM: Java HotSpot(TM) 64-Bit Server VM (11.0.5+10-LTS, mixed mode, tiered, compressed oops, g1 gc, windows-amd64)
Heap:
 garbage-first heap   total 327680K, used 10293K [0x00000006c0000000, 0x0000000800000000)
  region size 1024K, 6 young (6144K), 6 survivors (6144K)
 Metaspace       used 20516K, capacity 21276K, committed 21424K, reserved 1077248K
  class space    used 2420K, capacity 2745K, committed 2816K, reserved 1048576K
GC Heap History (6 events):
Event: 1.158 GC heap before
{Heap before GC invocations=0 (full 0):
 garbage-first heap   total 327680K, used 24576K [0x00000006c0000000, 0x0000000800000000)
  region size 1024K, 24 young (24576K), 0 survivors (0K)
 Metaspace       used 13860K, capacity 14163K, committed 14464K, reserved 1062912K
  class space    used 1451K, capacity 1552K, committed 1664K, reserved 1048576K
}
Event: 1.164 GC heap after
{Heap after GC invocations=1 (full 0):
 garbage-first heap   total 327680K, used 7609K [0x00000006c0000000, 0x0000000800000000)
  region size 1024K, 3 young (3072K), 3 survivors (3072K)
 Metaspace       used 13860K, capacity 14163K, committed 14464K, reserved 1062912K
  class space    used 1451K, capacity 1552K, committed 1664K, reserved 1048576K
}
Event: 3.016 GC heap before
{Heap before GC invocations=1 (full 0):
 garbage-first heap   total 327680K, used 91577K [0x00000006c0000000, 0x0000000800000000)
  region size 1024K, 87 young (89088K), 3 survivors (3072K)
 Metaspace       used 20412K, capacity 21143K, committed 21296K, reserved 1069056K
  class space    used 2393K, capacity 2676K, committed 2688K, reserved 1048576K
}
Event: 3.026 GC heap after
{Heap after GC invocations=2 (full 0):
 garbage-first heap   total 327680K, used 9964K [0x00000006c0000000, 0x0000000800000000)
  region size 1024K, 6 young (6144K), 6 survivors (6144K)
 Metaspace       used 20412K, capacity 21143K, committed 21296K, reserved 1069056K
  class space    used 2393K, capacity 2676K, committed 2688K, reserved 1048576K
}
Event: 3.090 GC heap before
{Heap before GC invocations=3 (full 0):
 garbage-first heap   total 327680K, used 10988K [0x00000006c0000000, 0x0000000800000000)
  region size 1024K, 8 young (8192K), 6 survivors (6144K)
 Metaspace       used 20516K, capacity 21276K, committed 21424K, reserved 1075200K
  class space    used 2420K, capacity 2745K, committed 2816K, reserved 1048576K
}
Event: 3.098 GC heap after
{Heap after GC invocations=4 (full 0):
 garbage-first heap   total 327680K, used 10293K [0x00000006c0000000, 0x0000000800000000)
  region size 1024K, 6 young (6144K), 6 survivors (6144K)
 Metaspace       used 20516K, capacity 21276K, committed 21424K, reserved 1075200K
  class space    used 2420K, capacity 2745K, committed 2816K, reserved 1048576K
}

